23:00:20.086 [main] INFO  api.test.UserTests - This is Post method start
23:00:24.080 [main] INFO  api.test.UserTests - This is Post method start
23:00:24.106 [main] INFO  api.test.UserTests - This is get method start
23:00:25.280 [main] INFO  api.test.UserTests - This is get method end
23:00:25.295 [main] INFO  api.test.UserTests - This is update method start
23:00:26.473 [main] INFO  api.test.UserTests - This is Post method end
23:00:27.676 [main] INFO  api.test.UserTests - This is delete method start
23:00:28.787 [main] INFO  api.test.UserTests - This is delete method end
23:01:25.897 [main] INFO  api.test.UserTests - This is Post method start
23:01:29.828 [main] INFO  api.test.UserTests - This is Post method start
23:01:29.852 [main] INFO  api.test.UserTests - This is get method start
23:01:31.065 [main] INFO  api.test.UserTests - This is get method end
23:01:31.076 [main] INFO  api.test.UserTests - This is update method start
23:01:32.315 [main] INFO  api.test.UserTests - This is Post method end
23:01:33.497 [main] INFO  api.test.UserTests - This is delete method start
23:01:34.593 [main] INFO  api.test.UserTests - This is delete method end
17:41:21.590 [main] INFO  api.test.UserTests2 - This is Post method start
17:41:25.622 [main] INFO  api.test.UserTests2 - This is Post method start
17:41:25.647 [main] INFO  api.test.UserTests2 - This is get method start
17:41:26.808 [main] INFO  api.test.UserTests2 - This is get method end
17:41:26.827 [main] INFO  api.test.UserTests2 - This is update method start
17:41:28.035 [main] INFO  api.test.UserTests2 - This is Post method end
17:41:29.252 [main] INFO  api.test.UserTests2 - This is delete method start
17:41:30.391 [main] INFO  api.test.UserTests2 - This is delete method end
17:55:52.532 [main] INFO  api.test.UserTests2 - This is Post method start
17:55:56.747 [main] INFO  api.test.UserTests2 - This is Post method start
17:55:56.773 [main] INFO  api.test.UserTests2 - This is get method start
17:55:57.971 [main] INFO  api.test.UserTests2 - This is get method end
17:55:57.978 [main] INFO  api.test.UserTests2 - This is update method start
17:55:59.157 [main] INFO  api.test.UserTests2 - This is Post method end
17:56:00.372 [main] INFO  api.test.UserTests2 - This is delete method start
17:56:01.489 [main] INFO  api.test.UserTests2 - This is delete method end
18:27:43.580 [main] INFO  api.test.UserTests2 - This is Post method start
18:27:48.974 [main] INFO  api.test.UserTests2 - This is Post method start
18:27:49.000 [main] INFO  api.test.UserTests2 - This is get method start
18:27:50.258 [main] INFO  api.test.UserTests2 - This is get method end
18:27:50.268 [main] INFO  api.test.UserTests2 - This is update method start
18:27:51.481 [main] INFO  api.test.UserTests2 - This is Post method end
18:27:52.672 [main] INFO  api.test.UserTests2 - This is delete method start
18:27:53.790 [main] INFO  api.test.UserTests2 - This is delete method end
